<ShowPlanXML xmlns="http://schemas.microsoft.com/sqlserver/2004/07/showplan" Version="1.539" Build="15.0.2080.9">
	<BatchSequence>
		<Batch>
			<Statements>
				<StmtSimple StatementText="select&#xd;&#xa;   a.name &quot;artist name&quot;,&#xd;&#xa;   r.name &quot;record label name&quot;  &#xd;&#xa;from&#xd;&#xa;    recordlabel as r join artist as a&#xd;&#xa;      on r.labelid = a.labelid" StatementId="1" StatementCompId="1" StatementType="SELECT" RetrievedFromCache="false" StatementSubTreeCost="0.00771404" StatementEstRows="8" SecurityPolicyApplied="false" StatementOptmLevel="FULL" QueryHash="0xC11031829D494F46" QueryPlanHash="0x19D6A94DF610D8AC" StatementOptmEarlyAbortReason="GoodEnoughPlanFound" CardinalityEstimationModelVersion="150">
					<StatementSetOptions QUOTED_IDENTIFIER="true" ARITHABORT="true" CONCAT_NULL_YIELDS_NULL="true" ANSI_NULLS="true" ANSI_PADDING="true" ANSI_WARNINGS="true" NUMERIC_ROUNDABORT="false">
					</StatementSetOptions>
					<QueryPlan NonParallelPlanReason="NoParallelPlansInDesktopOrExpressEdition" CachedPlanSize="16" CompileTime="328" CompileCPU="94" CompileMemory="160">
						<MemoryGrantInfo SerialRequiredMemory="0" SerialDesiredMemory="0" GrantedMemory="0" MaxUsedMemory="0">
						</MemoryGrantInfo>
						<OptimizerHardwareDependentProperties EstimatedAvailableMemoryGrant="51365" EstimatedPagesCached="25682" EstimatedAvailableDegreeOfParallelism="4" MaxCompileMemory="67744">
						</OptimizerHardwareDependentProperties>
						<OptimizerStatsUsage>
							<StatisticsInfo LastUpdate="2021-09-28T22:42:59.11" ModificationCount="60" SamplingPercent="100" Statistics="[PK_reclabel]" Table="[RecordLabel]" Schema="[dbo]" Database="[master]">
							</StatisticsInfo>
							<StatisticsInfo LastUpdate="2021-09-28T22:42:59.61" ModificationCount="0" SamplingPercent="100" Statistics="[_WA_Sys_00000001_2882FE7D]" Table="[Artist]" Schema="[dbo]" Database="[master]">
							</StatisticsInfo>
						</OptimizerStatsUsage>
						<TraceFlags IsCompileTime="1">
							<TraceFlag Value="8017" Scope="Global">
							</TraceFlag>
						</TraceFlags>
						<RelOp NodeId="0" PhysicalOp="Nested Loops" LogicalOp="Inner Join" EstimateRows="8" EstimateIO="0" EstimateCPU="3.344e-05" AvgRowSize="63" EstimatedTotalSubtreeCost="0.00771404" Parallel="0" EstimateRebinds="0" EstimateRewinds="0" EstimatedExecutionMode="Row">
							<OutputList>
								<ColumnReference Database="[master]" Schema="[dbo]" Table="[RecordLabel]" Alias="[r]" Column="Name">
								</ColumnReference>
								<ColumnReference Database="[master]" Schema="[dbo]" Table="[Artist]" Alias="[a]" Column="Name">
								</ColumnReference>
							</OutputList>
							<NestedLoops Optimized="0">
								<OuterReferences>
									<ColumnReference Database="[master]" Schema="[dbo]" Table="[Artist]" Alias="[a]" Column="LabelId">
									</ColumnReference>
								</OuterReferences>
								<RelOp NodeId="1" PhysicalOp="Clustered Index Scan" LogicalOp="Clustered Index Scan" EstimateRows="8" EstimatedRowsRead="8" EstimateIO="0.003125" EstimateCPU="0.0001658" AvgRowSize="40" EstimatedTotalSubtreeCost="0.0032908" TableCardinality="8" Parallel="0" EstimateRebinds="0" EstimateRewinds="0" EstimatedExecutionMode="Row">
									<OutputList>
										<ColumnReference Database="[master]" Schema="[dbo]" Table="[Artist]" Alias="[a]" Column="LabelId">
										</ColumnReference>
										<ColumnReference Database="[master]" Schema="[dbo]" Table="[Artist]" Alias="[a]" Column="Name">
										</ColumnReference>
									</OutputList>
									<IndexScan Ordered="0" ForcedIndex="0" ForceScan="0" NoExpandHint="0" Storage="RowStore">
										<DefinedValues>
											<DefinedValue>
												<ColumnReference Database="[master]" Schema="[dbo]" Table="[Artist]" Alias="[a]" Column="LabelId">
												</ColumnReference>
											</DefinedValue>
											<DefinedValue>
												<ColumnReference Database="[master]" Schema="[dbo]" Table="[Artist]" Alias="[a]" Column="Name">
												</ColumnReference>
											</DefinedValue>
										</DefinedValues>
										<Object Database="[master]" Schema="[dbo]" Table="[Artist]" Index="[PK_artist]" Alias="[a]" IndexKind="Clustered" Storage="RowStore">
										</Object>
									</IndexScan>
								</RelOp>
								<RelOp NodeId="2" PhysicalOp="Clustered Index Seek" LogicalOp="Clustered Index Seek" EstimateRows="1" EstimatedRowsRead="1" EstimateIO="0.003125" EstimateCPU="0.0001581" AvgRowSize="36" EstimatedTotalSubtreeCost="0.0043898" TableCardinality="5" Parallel="0" EstimateRebinds="5.25" EstimateRewinds="1.75" EstimatedExecutionMode="Row">
									<OutputList>
										<ColumnReference Database="[master]" Schema="[dbo]" Table="[RecordLabel]" Alias="[r]" Column="Name">
										</ColumnReference>
									</OutputList>
									<IndexScan Ordered="1" ScanDirection="FORWARD" ForcedIndex="0" ForceSeek="0" ForceScan="0" NoExpandHint="0" Storage="RowStore">
										<DefinedValues>
											<DefinedValue>
												<ColumnReference Database="[master]" Schema="[dbo]" Table="[RecordLabel]" Alias="[r]" Column="Name">
												</ColumnReference>
											</DefinedValue>
										</DefinedValues>
										<Object Database="[master]" Schema="[dbo]" Table="[RecordLabel]" Index="[PK_reclabel]" Alias="[r]" IndexKind="Clustered" Storage="RowStore">
										</Object>
										<SeekPredicates>
											<SeekPredicateNew>
												<SeekKeys>
													<Prefix ScanType="EQ">
														<RangeColumns>
															<ColumnReference Database="[master]" Schema="[dbo]" Table="[RecordLabel]" Alias="[r]" Column="LabelID">
															</ColumnReference>
														</RangeColumns>
														<RangeExpressions>
															<ScalarOperator ScalarString="[master].[dbo].[Artist].[LabelId] as [a].[LabelId]">
																<Identifier>
																	<ColumnReference Database="[master]" Schema="[dbo]" Table="[Artist]" Alias="[a]" Column="LabelId">
																	</ColumnReference>
																</Identifier>
															</ScalarOperator>
														</RangeExpressions>
													</Prefix>
												</SeekKeys>
											</SeekPredicateNew>
										</SeekPredicates>
									</IndexScan>
								</RelOp>
							</NestedLoops>
						</RelOp>
					</QueryPlan>
				</StmtSimple>
				<StmtSimple StatementText="&#xd;&#xa;                &#xd;&#xa;CREATE TABLE RecordLabel(&#xd;&#xa;  LabelID int not null,&#xd;&#xa;  Name varchar(50) not null&#xd;&#xa;)" StatementId="2" StatementCompId="2" StatementType="CREATE TABLE" RetrievedFromCache="false">
				</StmtSimple>
			</Statements>
		</Batch>
	</BatchSequence>
</ShowPlanXML>
